Arguments: 
  /usr/local/bin/node /usr/bin/yarn

PATH: 
  /home/sam/.cargo/bin:/usr/local/sbin:/usr/local/bin:/usr/bin:/usr/lib/emscripten:/usr/lib/jvm/default/bin:/usr/bin/site_perl:/usr/bin/vendor_perl:/usr/bin/core_perl

Yarn version: 
  1.22.0

Node version: 
  11.15.0

Platform: 
  linux x64

Trace: 
  SyntaxError: /home/sam/Desktop/dock-did-driver/package.json: Unexpected string in JSON at position 354
      at JSON.parse (<anonymous>)
      at /usr/lib/node_modules/yarn/lib/cli.js:1625:59
      at Generator.next (<anonymous>)
      at step (/usr/lib/node_modules/yarn/lib/cli.js:310:30)
      at /usr/lib/node_modules/yarn/lib/cli.js:321:13

npm manifest: 
  {
    "name": "dock-did-driver",
    "version": "1.0.0",
    "description": "Dock network's DID driver",
    "main": "index.js",
    "scripts": {
      "test": "echo \"Error: no test specified\" && exit 1"
    },
    "author": "Dock.io",
    "license": "Apache 2.0",
    "dependencies": {
      "@polkadot/api": "^1.5.1",
      "client-sdk": "docknetwork/client-sdk#master"
      "dotenv": "^8.2.0",
      "git": "^0.1.5"
    },
    "devDependencies": {
      "@babel/cli": "^7.8.4",
      "@babel/core": "^7.8.7",
      "@babel/node": "^7.8.7",
      "@babel/preset-env": "^7.8.7",
      "babel-core": "7.0.0-bridge.0",
      "babel-jest": "24.5.0"
    }
  }

yarn manifest: 
  No manifest

Lockfile: 
  No lockfile
